2023-03-18T07:41:22.911Z ERROR: Error while logging out user: TypeError: BadRequestError is not a constructor
2023-03-18T07:41:55.756Z ERROR: Error while logging out user: TypeError: BadRequestError is not a constructor
2023-03-18T07:44:41.746Z ERROR: Error while logging out user: BadRequestError: Failed to get property availability
2023-03-18T07:45:38.288Z ERROR: Error while logging out user: BadRequestError: Failed to get property availability
2023-03-18T07:46:16.964Z ERROR: Error while logging out user: BadRequestError: Failed to get property availability
2023-03-18T07:49:15.042Z ERROR: Error while logging out user: BadRequestError: Failed to Book Property
2023-03-18T07:49:48.830Z ERROR: Error while logging out user: BadRequestError: Failed to Book Property
2023-03-18T07:50:08.992Z ERROR: Error while logging out user: BadRequestError: Failed to Book Property
2023-03-18T07:50:44.118Z ERROR: Error while logging out user: BadRequestError: Failed to Book Property
2023-03-18T07:51:05.161Z ERROR: Error while logging out user: BadRequestError: Failed to Book Property
2023-03-18T07:51:39.938Z ERROR: Error while logging out user: CastError: Cast to ObjectId failed for value "1" (type string) at path "_id" for model "Property"
2023-03-18T07:54:28.469Z ERROR: Error while logging out user: ReferenceError: popOptions is not defined
2023-03-18T07:55:16.700Z ERROR: Error while logging out user: ReferenceError: next is not defined
2023-03-18T07:56:05.814Z ERROR: Error while logging out user: BadRequestError: Failed to Book Property
2023-03-18T07:56:38.067Z ERROR: Error while logging out user: ReferenceError: next is not defined
2023-03-18T07:56:54.953Z ERROR: Error while logging out user: ReferenceError: res is not defined
2023-03-19T17:14:42.643Z ERROR: Error while logging out user: BadRequestError: Failed to register user
2023-03-19T17:21:37.722Z ERROR: Error while logging out user: BadRequestError: Failed to register user
2023-03-19T17:21:38.057Z ERROR: Error while logging out user: BadRequestError: Failed to register user
2023-03-19T17:24:11.709Z ERROR: Error while logging out user: BadRequestError: Failed to register user
2023-03-19T18:36:13.266Z ERROR: Error while logging out user: BadRequestError: Failed to get property availability
2023-03-19T18:36:52.632Z ERROR: Error while logging out user: BadRequestError: Failed to get property availability
